{"name":"Log","hostname":"CBM0491-Maxence-Maireaux.local","pid":73665,"level":30,"msg":"Creating table: posts ","time":"2019-04-14T21:45:00.280Z","v":0}
{"name":"Log","hostname":"CBM0491-Maxence-Maireaux.local","pid":73665,"level":30,"msg":"Creating table: users ","time":"2019-04-14T21:45:00.287Z","v":0}
{"name":"Log","hostname":"CBM0491-Maxence-Maireaux.local","pid":73665,"level":30,"msg":"Creating table: posts_authors ","time":"2019-04-14T21:45:00.294Z","v":0}
{"name":"Log","hostname":"CBM0491-Maxence-Maireaux.local","pid":73665,"level":30,"msg":"Creating table: roles ","time":"2019-04-14T21:45:00.298Z","v":0}
{"name":"Log","hostname":"CBM0491-Maxence-Maireaux.local","pid":73665,"level":30,"msg":"Creating table: roles_users ","time":"2019-04-14T21:45:00.303Z","v":0}
{"name":"Log","hostname":"CBM0491-Maxence-Maireaux.local","pid":73665,"level":30,"msg":"Creating table: permissions ","time":"2019-04-14T21:45:00.312Z","v":0}
{"name":"Log","hostname":"CBM0491-Maxence-Maireaux.local","pid":73665,"level":30,"msg":"Creating table: permissions_users ","time":"2019-04-14T21:45:00.316Z","v":0}
{"name":"Log","hostname":"CBM0491-Maxence-Maireaux.local","pid":73665,"level":30,"msg":"Creating table: permissions_roles ","time":"2019-04-14T21:45:00.319Z","v":0}
{"name":"Log","hostname":"CBM0491-Maxence-Maireaux.local","pid":73665,"level":30,"msg":"Creating table: permissions_apps ","time":"2019-04-14T21:45:00.322Z","v":0}
{"name":"Log","hostname":"CBM0491-Maxence-Maireaux.local","pid":73665,"level":30,"msg":"Creating table: settings ","time":"2019-04-14T21:45:00.324Z","v":0}
{"name":"Log","hostname":"CBM0491-Maxence-Maireaux.local","pid":73665,"level":30,"msg":"Creating table: tags ","time":"2019-04-14T21:45:00.327Z","v":0}
{"name":"Log","hostname":"CBM0491-Maxence-Maireaux.local","pid":73665,"level":30,"msg":"Creating table: posts_tags ","time":"2019-04-14T21:45:00.331Z","v":0}
{"name":"Log","hostname":"CBM0491-Maxence-Maireaux.local","pid":73665,"level":30,"msg":"Creating table: apps ","time":"2019-04-14T21:45:00.334Z","v":0}
{"name":"Log","hostname":"CBM0491-Maxence-Maireaux.local","pid":73665,"level":30,"msg":"Creating table: app_settings ","time":"2019-04-14T21:45:00.339Z","v":0}
{"name":"Log","hostname":"CBM0491-Maxence-Maireaux.local","pid":73665,"level":30,"msg":"Creating table: app_fields ","time":"2019-04-14T21:45:00.343Z","v":0}
{"name":"Log","hostname":"CBM0491-Maxence-Maireaux.local","pid":73665,"level":30,"msg":"Creating table: clients ","time":"2019-04-14T21:45:00.346Z","v":0}
{"name":"Log","hostname":"CBM0491-Maxence-Maireaux.local","pid":73665,"level":30,"msg":"Creating table: client_trusted_domains ","time":"2019-04-14T21:45:00.352Z","v":0}
{"name":"Log","hostname":"CBM0491-Maxence-Maireaux.local","pid":73665,"level":30,"msg":"Creating table: accesstokens ","time":"2019-04-14T21:45:00.356Z","v":0}
{"name":"Log","hostname":"CBM0491-Maxence-Maireaux.local","pid":73665,"level":30,"msg":"Creating table: refreshtokens ","time":"2019-04-14T21:45:00.361Z","v":0}
{"name":"Log","hostname":"CBM0491-Maxence-Maireaux.local","pid":73665,"level":30,"msg":"Creating table: subscribers ","time":"2019-04-14T21:45:00.366Z","v":0}
{"name":"Log","hostname":"CBM0491-Maxence-Maireaux.local","pid":73665,"level":30,"msg":"Creating table: invites ","time":"2019-04-14T21:45:00.370Z","v":0}
{"name":"Log","hostname":"CBM0491-Maxence-Maireaux.local","pid":73665,"level":30,"msg":"Creating table: brute ","time":"2019-04-14T21:45:00.375Z","v":0}
{"name":"Log","hostname":"CBM0491-Maxence-Maireaux.local","pid":73665,"level":30,"msg":"Creating table: webhooks ","time":"2019-04-14T21:45:00.377Z","v":0}
{"name":"Log","hostname":"CBM0491-Maxence-Maireaux.local","pid":73665,"level":30,"msg":"Creating table: sessions ","time":"2019-04-14T21:45:00.380Z","v":0}
{"name":"Log","hostname":"CBM0491-Maxence-Maireaux.local","pid":73665,"level":30,"msg":"Creating table: integrations ","time":"2019-04-14T21:45:00.383Z","v":0}
{"name":"Log","hostname":"CBM0491-Maxence-Maireaux.local","pid":73665,"level":30,"msg":"Creating table: api_keys ","time":"2019-04-14T21:45:00.387Z","v":0}
{"name":"Log","hostname":"CBM0491-Maxence-Maireaux.local","pid":73665,"level":30,"msg":"Creating table: mobiledoc_revisions ","time":"2019-04-14T21:45:00.391Z","v":0}
{"name":"Log","hostname":"CBM0491-Maxence-Maireaux.local","pid":73665,"level":30,"msg":"Creating table: members ","time":"2019-04-14T21:45:00.395Z","v":0}
{"name":"Log","hostname":"CBM0491-Maxence-Maireaux.local","pid":73665,"level":30,"msg":"Creating table: actions ","time":"2019-04-14T21:45:00.399Z","v":0}
{"name":"Log","hostname":"CBM0491-Maxence-Maireaux.local","pid":73665,"level":30,"msg":"Model: Tag ","time":"2019-04-14T21:45:00.407Z","v":0}
{"name":"Log","hostname":"CBM0491-Maxence-Maireaux.local","pid":73665,"level":30,"msg":"Model: Client ","time":"2019-04-14T21:45:00.425Z","v":0}
{"name":"Log","hostname":"CBM0491-Maxence-Maireaux.local","pid":73665,"level":30,"msg":"Model: Role ","time":"2019-04-14T21:45:00.435Z","v":0}
{"name":"Log","hostname":"CBM0491-Maxence-Maireaux.local","pid":73665,"level":30,"msg":"Model: Permission ","time":"2019-04-14T21:45:00.454Z","v":0}
{"name":"Log","hostname":"CBM0491-Maxence-Maireaux.local","pid":73665,"level":30,"msg":"Model: User ","time":"2019-04-14T21:45:00.621Z","v":0}
{"name":"Log","hostname":"CBM0491-Maxence-Maireaux.local","pid":73665,"level":30,"msg":"Model: Post ","time":"2019-04-14T21:45:01.432Z","v":0}
{"name":"Log","hostname":"CBM0491-Maxence-Maireaux.local","pid":73665,"level":30,"msg":"Model: Integration ","time":"2019-04-14T21:45:01.690Z","v":0}
{"name":"Log","hostname":"CBM0491-Maxence-Maireaux.local","pid":73665,"level":30,"msg":"Relation: Role to Permission ","time":"2019-04-14T21:45:01.700Z","v":0}
{"name":"Log","hostname":"CBM0491-Maxence-Maireaux.local","pid":73665,"level":30,"msg":"Relation: Post to Tag ","time":"2019-04-14T21:45:01.885Z","v":0}
{"name":"Log","hostname":"CBM0491-Maxence-Maireaux.local","pid":73665,"level":30,"msg":"Relation: User to Role ","time":"2019-04-14T21:45:01.914Z","v":0}
{"name":"Log","hostname":"CBM0491-Maxence-Maireaux.local","pid":73665,"level":40,"msg":"Theme's file locales/en.json not found. ","time":"2019-04-14T21:45:02.619Z","v":0}
{"name":"Log","hostname":"CBM0491-Maxence-Maireaux.local","pid":73665,"level":30,"msg":"Ghost is running in production... ","time":"2019-04-14T21:45:02.952Z","v":0}
{"name":"Log","hostname":"CBM0491-Maxence-Maireaux.local","pid":73665,"level":30,"msg":"Your site is now available on http://localhost:4200/ ","time":"2019-04-14T21:45:02.953Z","v":0}
{"name":"Log","hostname":"CBM0491-Maxence-Maireaux.local","pid":73665,"level":30,"msg":"Ctrl+C to shut down ","time":"2019-04-14T21:45:02.953Z","v":0}
{"name":"Log","hostname":"CBM0491-Maxence-Maireaux.local","pid":73665,"level":30,"msg":"Ghost boot 3.461s ","time":"2019-04-14T21:45:02.955Z","v":0}
{"name":"Log","hostname":"CBM0491-Maxence-Maireaux.local","pid":73665,"level":30,"req":{"meta":{"requestId":"921c67b0-5efe-11e9-9e81-e36a9cff57ea","userId":null},"url":"/","method":"GET","originalUrl":"/","params":{},"headers":{"host":"localhost:4200","connection":"keep-alive","upgrade-insecure-requests":"1","user-agent":"Mozilla/5.0 (Macintosh; Intel Mac OS X 10_14_4) AppleWebKit/537.36 (KHTML, like Gecko) Chrome/73.0.3683.86 Safari/537.36","accept":"text/html,application/xhtml+xml,application/xml;q=0.9,image/webp,image/apng,*/*;q=0.8,application/signed-exchange;v=b3","accept-encoding":"gzip, deflate, br","accept-language":"fr-FR,fr;q=0.9,en-US;q=0.8,en;q=0.7,ru;q=0.6,it;q=0.5,la;q=0.4"},"body":{},"query":{}},"res":{"_headers":{"x-powered-by":"Express","cache-control":"public, max-age=0","content-type":"text/html; charset=utf-8","etag":"W/\"54bd-544VNNpFkJroRL1Gt3ypamdx0V8\"","vary":"Accept-Encoding","content-encoding":"gzip"},"statusCode":200,"responseTime":"1088ms"},"msg":"","time":"2019-04-14T21:45:08.847Z","v":0}
{"name":"Log","hostname":"CBM0491-Maxence-Maireaux.local","pid":73665,"level":30,"req":{"meta":{"requestId":"92c726a0-5efe-11e9-9e81-e36a9cff57ea","userId":null},"url":"/assets/built/screen.css?v=b495b5ea4e","method":"GET","originalUrl":"/assets/built/screen.css?v=b495b5ea4e","params":{},"headers":{"host":"localhost:4200","connection":"keep-alive","user-agent":"Mozilla/5.0 (Macintosh; Intel Mac OS X 10_14_4) AppleWebKit/537.36 (KHTML, like Gecko) Chrome/73.0.3683.86 Safari/537.36","accept":"text/css,*/*;q=0.1","referer":"http://localhost:4200/","accept-encoding":"gzip, deflate, br","accept-language":"fr-FR,fr;q=0.9,en-US;q=0.8,en;q=0.7,ru;q=0.6,it;q=0.5,la;q=0.4"},"body":{},"query":{"v":"b495b5ea4e"}},"res":{"_headers":{"x-powered-by":"Express","accept-ranges":"bytes","cache-control":"public, max-age=31536000","last-modified":"Sat, 26 Oct 1985 08:15:00 GMT","etag":"W/\"9e68-7438674ba0\"","content-type":"text/css; charset=UTF-8","vary":"Accept-Encoding","content-encoding":"gzip"},"statusCode":200,"responseTime":"34ms"},"msg":"","time":"2019-04-14T21:45:08.914Z","v":0}
{"name":"Log","hostname":"CBM0491-Maxence-Maireaux.local","pid":73665,"level":30,"req":{"meta":{"requestId":"92cd8f40-5efe-11e9-9e81-e36a9cff57ea","userId":null},"url":"/robots.txt","method":"GET","originalUrl":"/robots.txt","params":{},"headers":{"host":"localhost:4200","connection":"keep-alive","user-agent":"Mozilla/5.0 (Macintosh; Intel Mac OS X 10_14_4) AppleWebKit/537.36 (KHTML, like Gecko) Chrome/73.0.3683.86 Safari/537.36","accept":"*/*","accept-encoding":"gzip, deflate, br","accept-language":"fr-FR,fr;q=0.9,en-US;q=0.8,en;q=0.7,ru;q=0.6,it;q=0.5,la;q=0.4"},"body":{},"query":{}},"res":{"_headers":{"x-powered-by":"Express","content-type":"text/plain","content-length":89,"etag":"\"46f3959f6efa6086debf35733f31aa2f\"","cache-control":"public, max-age=3600","vary":"Accept-Encoding"},"statusCode":200,"responseTime":"6ms"},"msg":"","time":"2019-04-14T21:45:08.924Z","v":0}
{"name":"Log","hostname":"CBM0491-Maxence-Maireaux.local","pid":73665,"level":30,"req":{"meta":{"requestId":"92f25550-5efe-11e9-9e81-e36a9cff57ea","userId":null},"url":"/assets/built/jquery.fitvids.js?v=b495b5ea4e","method":"GET","originalUrl":"/assets/built/jquery.fitvids.js?v=b495b5ea4e","params":{},"headers":{"host":"localhost:4200","connection":"keep-alive","user-agent":"Mozilla/5.0 (Macintosh; Intel Mac OS X 10_14_4) AppleWebKit/537.36 (KHTML, like Gecko) Chrome/73.0.3683.86 Safari/537.36","accept":"*/*","referer":"http://localhost:4200/","accept-encoding":"gzip, deflate, br","accept-language":"fr-FR,fr;q=0.9,en-US;q=0.8,en;q=0.7,ru;q=0.6,it;q=0.5,la;q=0.4"},"body":{},"query":{"v":"b495b5ea4e"}},"res":{"_headers":{"x-powered-by":"Express","accept-ranges":"bytes","cache-control":"public, max-age=31536000","last-modified":"Sat, 26 Oct 1985 08:15:00 GMT","etag":"W/\"777-7438674ba0\"","content-type":"application/javascript; charset=UTF-8","vary":"Accept-Encoding","content-encoding":"gzip"},"statusCode":200,"responseTime":"2ms"},"msg":"","time":"2019-04-14T21:45:09.160Z","v":0}
{"name":"Log","hostname":"CBM0491-Maxence-Maireaux.local","pid":73665,"level":30,"req":{"meta":{"requestId":"92f38dd0-5efe-11e9-9e81-e36a9cff57ea","userId":null},"url":"/assets/built/infinitescroll.js?v=b495b5ea4e","method":"GET","originalUrl":"/assets/built/infinitescroll.js?v=b495b5ea4e","params":{},"headers":{"host":"localhost:4200","connection":"keep-alive","user-agent":"Mozilla/5.0 (Macintosh; Intel Mac OS X 10_14_4) AppleWebKit/537.36 (KHTML, like Gecko) Chrome/73.0.3683.86 Safari/537.36","accept":"*/*","referer":"http://localhost:4200/","accept-encoding":"gzip, deflate, br","accept-language":"fr-FR,fr;q=0.9,en-US;q=0.8,en;q=0.7,ru;q=0.6,it;q=0.5,la;q=0.4"},"body":{},"query":{"v":"b495b5ea4e"}},"res":{"_headers":{"x-powered-by":"Express","accept-ranges":"bytes","cache-control":"public, max-age=31536000","last-modified":"Sat, 26 Oct 1985 08:15:00 GMT","etag":"W/\"3f0-7438674ba0\"","content-type":"application/javascript; charset=UTF-8","content-length":1008,"vary":"Accept-Encoding"},"statusCode":200,"responseTime":"2ms"},"msg":"","time":"2019-04-14T21:45:09.168Z","v":0}
{"name":"Log","hostname":"CBM0491-Maxence-Maireaux.local","pid":73665,"level":30,"req":{"meta":{"requestId":"93b2e630-5efe-11e9-9e81-e36a9cff57ea","userId":null},"url":"/favicon.ico","method":"GET","originalUrl":"/favicon.ico","params":{},"headers":{"host":"localhost:4200","connection":"keep-alive","user-agent":"Mozilla/5.0 (Macintosh; Intel Mac OS X 10_14_4) AppleWebKit/537.36 (KHTML, like Gecko) Chrome/73.0.3683.86 Safari/537.36","accept":"image/webp,image/apng,image/*,*/*;q=0.8","referer":"http://localhost:4200/","accept-encoding":"gzip, deflate, br","accept-language":"fr-FR,fr;q=0.9,en-US;q=0.8,en;q=0.7,ru;q=0.6,it;q=0.5,la;q=0.4"},"body":{},"query":{}},"res":{"_headers":{"x-powered-by":"Express","content-type":"image/x-icon","etag":"\"36e47e74810a0d8c32a77f495c49cf8e\"","cache-control":"public, max-age=86400","vary":"Accept-Encoding","content-encoding":"gzip"},"statusCode":200,"responseTime":"4ms"},"msg":"","time":"2019-04-14T21:45:10.424Z","v":0}
{"name":"Log","hostname":"CBM0491-Maxence-Maireaux.local","pid":73665,"level":40,"msg":"Ghost has shut down ","time":"2019-04-14T21:45:16.059Z","v":0}
